<?xml version="1.0" encoding="UTF-8"?>
<testng-results ignored="0" total="1" passed="1" failed="0" skipped="0">
  <reporter-output>
  </reporter-output>
  <suite started-at="2022-03-23T13:55:05 IST" name="Default suite" finished-at="2022-03-23T13:55:39 IST" duration-ms="34105">
    <groups>
    </groups>
    <test started-at="2022-03-23T13:55:05 IST" name="Default test" finished-at="2022-03-23T13:55:39 IST" duration-ms="34105">
      <class name="com.Vtiger.LoginPageParameterTest">
        <test-method signature="login()[pri:0, instance:com.Vtiger.LoginPageParameterTest@a2431d0]" started-at="2022-03-23T13:55:05 IST" name="login" finished-at="2022-03-23T13:55:39 IST" duration-ms="34040" status="PASS">
          <reporter-output>
          </reporter-output>
        </test-method> <!-- login -->
      </class> <!-- com.Vtiger.LoginPageParameterTest -->
    </test> <!-- Default test -->
  </suite> <!-- Default suite -->
</testng-results>
